2015-07-03 11:51:39,839 INFO o.n.v.w.f.i.Parse [AWT-EventQueue-0] Expected vertices: 6
2015-07-03 11:51:39,839 INFO o.n.v.w.f.i.Parse [AWT-EventQueue-0] Vertex Syntax Declaration statement encountered 
2015-07-03 11:51:39,901 INFO o.n.v.w.f.i.Parse [AWT-EventQueue-0] Vertex Parsed
2015-07-03 11:51:39,901 INFO o.n.v.w.f.i.Parse [AWT-EventQueue-0] Vertex Parsed
2015-07-03 11:51:39,901 INFO o.n.v.w.f.i.Parse [AWT-EventQueue-0] Vertex Parsed
2015-07-03 11:51:39,901 INFO o.n.v.w.f.i.Parse [AWT-EventQueue-0] Vertex Parsed
2015-07-03 11:51:39,901 INFO o.n.v.w.f.i.Parse [AWT-EventQueue-0] Vertex Parsed
2015-07-03 11:51:39,901 INFO o.n.v.w.f.i.Parse [AWT-EventQueue-0] Vertex Parsed
2015-07-03 11:51:39,901 INFO o.n.v.w.f.i.Parse [AWT-EventQueue-0] Edge Syntax Declaration statement encountered 
2015-07-03 11:51:39,948 INFO o.n.v.w.f.i.Parse [AWT-EventQueue-0] Edge Parsed
2015-07-03 11:51:39,948 INFO o.n.v.w.f.i.Parse [AWT-EventQueue-0] Edge Parsed
2015-07-03 11:51:39,948 INFO o.n.v.w.f.i.Parse [AWT-EventQueue-0] Edge Parsed
2015-07-03 11:51:39,948 INFO o.n.v.w.f.i.Parse [AWT-EventQueue-0] Arcs Syntax Declaration statement encountered 
2015-07-03 11:51:39,995 INFO o.n.v.w.f.i.Parse [AWT-EventQueue-0] Arc Parsed
2015-07-03 11:51:39,995 INFO o.n.v.w.f.i.Parse [AWT-EventQueue-0] Arc Parsed
2015-07-03 11:51:39,995 INFO o.n.v.w.f.i.Parse [AWT-EventQueue-0] Arc Parsed
2015-07-03 11:51:40,026 INFO o.n.v.w.f.i.Parse [AWT-EventQueue-0] Added Vertices into FeatureNet
2015-07-03 11:51:40,089 INFO o.n.v.w.f.i.Parse [AWT-EventQueue-0] Added Edges into FeatureNet
2015-07-03 11:51:40,167 INFO o.n.v.w.f.i.Parse [AWT-EventQueue-0] Added Arcs into FeatureNet
2015-07-03 11:51:42,684 INFO o.n.v.w.f.s.WvizConnectionMapSceneX3d [AWT-EventQueue-0] Start to write output file!
2015-07-03 11:51:42,684 INFO o.n.v.w.f.s.WvizConnectionMapSceneX3d [AWT-EventQueue-0] Parsing Edges
2015-07-03 11:51:42,746 INFO o.n.v.w.f.s.WvizConnectionMapSceneX3d [AWT-EventQueue-0] Parsing Arcs
2015-07-03 11:51:42,746 INFO o.n.v.w.f.s.WvizConnectionMapSceneX3d [AWT-EventQueue-0] Parsing Vertices
2015-07-03 11:51:42,778 INFO o.n.v.w.f.s.FeatureNetTest [AWT-EventQueue-0] Result written to file!
2015-07-03 11:53:42,954 INFO o.n.v.w.f.i.Parse [main] Comment encountered
2015-07-03 11:53:42,954 INFO o.n.v.w.f.i.Parse [main] Comment encountered
2015-07-03 11:53:42,954 INFO o.n.v.w.f.i.Parse [main] Comment encountered
2015-07-03 11:53:42,954 INFO o.n.v.w.f.i.Parse [main] Comment encountered
2015-07-03 11:53:42,970 INFO o.n.v.w.f.i.Parse [main] Expected vertices: 7
2015-07-03 11:53:42,970 INFO o.n.v.w.f.i.Parse [main] Vertex Syntax Declaration statement encountered 
2015-07-03 11:53:42,970 INFO o.n.v.w.f.i.Parse [main] Vertex Parsed
2015-07-03 11:53:42,970 INFO o.n.v.w.f.i.Parse [main] Vertex Parsed
2015-07-03 11:53:42,970 INFO o.n.v.w.f.i.Parse [main] Vertex Parsed
2015-07-03 11:53:42,970 INFO o.n.v.w.f.i.Parse [main] Vertex Parsed
2015-07-03 11:53:42,970 INFO o.n.v.w.f.i.Parse [main] Vertex Parsed
2015-07-03 11:53:42,970 INFO o.n.v.w.f.i.Parse [main] Vertex Parsed
2015-07-03 11:53:42,970 INFO o.n.v.w.f.i.Parse [main] Vertex Parsed
2015-07-03 11:53:42,970 INFO o.n.v.w.f.i.Parse [main] Comment encountered
2015-07-03 11:53:42,985 INFO o.n.v.w.f.i.Parse [main] Arcs Syntax Declaration statement encountered 
2015-07-03 11:53:42,985 INFO o.n.v.w.f.i.Parse [main] Arc Parsed
2015-07-03 11:53:42,985 INFO o.n.v.w.f.i.Parse [main] Arc Parsed
2015-07-03 11:53:42,985 INFO o.n.v.w.f.i.Parse [main] Arc Parsed
2015-07-03 11:53:42,985 INFO o.n.v.w.f.i.Parse [main] Arc Parsed
2015-07-03 11:53:42,985 INFO o.n.v.w.f.i.Parse [main] Arc Parsed
2015-07-03 11:53:42,985 INFO o.n.v.w.f.i.Parse [main] Arc Parsed
2015-07-03 11:53:42,985 INFO o.n.v.w.f.i.Parse [main] Arc Parsed
2015-07-03 11:53:42,985 INFO o.n.v.w.f.i.Parse [main] Arc Parsed
2015-07-03 11:53:42,985 INFO o.n.v.w.f.i.Parse [main] Arc Parsed
2015-07-03 11:53:42,985 INFO o.n.v.w.f.i.Parse [main] Arc Parsed
2015-07-03 11:53:42,985 INFO o.n.v.w.f.i.Parse [main] Arc Parsed
2015-07-03 11:53:42,985 INFO o.n.v.w.f.i.Parse [main] Arc Parsed
2015-07-03 11:53:43,001 INFO o.n.v.w.f.i.Parse [main] Arc Parsed
2015-07-03 11:53:43,001 INFO o.n.v.w.f.i.Parse [main] Arc Parsed
2015-07-03 11:53:43,001 INFO o.n.v.w.f.i.Parse [main] Arc Parsed
2015-07-03 11:53:43,001 INFO o.n.v.w.f.i.Parse [main] Arc Parsed
2015-07-03 11:53:43,001 INFO o.n.v.w.f.i.Parse [main] Arc Parsed
2015-07-03 11:53:43,001 INFO o.n.v.w.f.i.Parse [main] Arc Parsed
2015-07-03 11:53:43,001 INFO o.n.v.w.f.i.Parse [main] Arc Parsed
2015-07-03 11:53:43,001 INFO o.n.v.w.f.i.Parse [main] Arc Parsed
2015-07-03 11:53:43,001 INFO o.n.v.w.f.i.Parse [main] Arc Parsed
2015-07-03 11:53:43,001 INFO o.n.v.w.f.i.Parse [main] Arc Parsed
2015-07-03 11:53:43,001 INFO o.n.v.w.f.i.Parse [main] Arc Parsed
2015-07-03 11:53:43,001 INFO o.n.v.w.f.i.Parse [main] Arc Parsed
2015-07-03 11:53:43,001 INFO o.n.v.w.f.i.Parse [main] Arc Parsed
2015-07-03 11:53:43,001 INFO o.n.v.w.f.i.Parse [main] Arc Parsed
2015-07-03 11:53:43,017 INFO o.n.v.w.f.i.Parse [main] Arc Parsed
2015-07-03 11:53:43,017 INFO o.n.v.w.f.i.Parse [main] Arc Parsed
2015-07-03 11:53:43,017 INFO o.n.v.w.f.i.Parse [main] Arc Parsed
2015-07-03 11:53:43,017 INFO o.n.v.w.f.i.Parse [main] Arc Parsed
2015-07-03 11:53:43,017 INFO o.n.v.w.f.i.Parse [main] Arc Parsed
2015-07-03 11:53:43,017 INFO o.n.v.w.f.i.Parse [main] Comment encountered
2015-07-03 11:53:43,032 INFO o.n.v.w.f.i.Parse [main] Added Vertices into FeatureNet
2015-07-03 11:53:43,032 INFO o.n.v.w.f.i.Parse [main] Added Edges into FeatureNet
2015-07-03 11:53:43,032 INFO o.n.v.w.f.i.Parse [main] Added Arcs into FeatureNet
2015-07-03 11:53:43,657 INFO o.n.v.w.f.s.WvizConnectionMapSceneX3d [main] Start to write output file!
2015-07-03 11:53:43,657 INFO o.n.v.w.f.s.WvizConnectionMapSceneX3d [main] Parsing Edges
2015-07-03 11:53:43,657 INFO o.n.v.w.f.s.WvizConnectionMapSceneX3d [main] Parsing Arcs
2015-07-03 11:53:43,689 INFO o.n.v.w.f.s.WvizConnectionMapSceneX3d [main] Parsing Vertices
2015-07-03 11:53:43,689 INFO o.n.v.w.f.s.FeatureNetTest [main] Result written to file!
2015-07-03 11:54:13,295 INFO o.n.v.w.f.i.Parse [AWT-EventQueue-0] Expected vertices: 6
2015-07-03 11:54:13,295 INFO o.n.v.w.f.i.Parse [AWT-EventQueue-0] Vertex Syntax Declaration statement encountered 
2015-07-03 11:54:13,311 INFO o.n.v.w.f.i.Parse [AWT-EventQueue-0] Vertex Parsed
2015-07-03 11:54:13,311 INFO o.n.v.w.f.i.Parse [AWT-EventQueue-0] Vertex Parsed
2015-07-03 11:54:13,311 INFO o.n.v.w.f.i.Parse [AWT-EventQueue-0] Vertex Parsed
2015-07-03 11:54:13,311 INFO o.n.v.w.f.i.Parse [AWT-EventQueue-0] Vertex Parsed
2015-07-03 11:54:13,311 INFO o.n.v.w.f.i.Parse [AWT-EventQueue-0] Vertex Parsed
2015-07-03 11:54:13,311 INFO o.n.v.w.f.i.Parse [AWT-EventQueue-0] Vertex Parsed
2015-07-03 11:54:13,311 INFO o.n.v.w.f.i.Parse [AWT-EventQueue-0] Edge Syntax Declaration statement encountered 
2015-07-03 11:54:13,311 INFO o.n.v.w.f.i.Parse [AWT-EventQueue-0] Edge Parsed
2015-07-03 11:54:13,311 INFO o.n.v.w.f.i.Parse [AWT-EventQueue-0] Edge Parsed
2015-07-03 11:54:13,311 INFO o.n.v.w.f.i.Parse [AWT-EventQueue-0] Edge Parsed
2015-07-03 11:54:13,327 INFO o.n.v.w.f.i.Parse [AWT-EventQueue-0] Arcs Syntax Declaration statement encountered 
2015-07-03 11:54:13,327 INFO o.n.v.w.f.i.Parse [AWT-EventQueue-0] Arc Parsed
2015-07-03 11:54:13,327 INFO o.n.v.w.f.i.Parse [AWT-EventQueue-0] Arc Parsed
2015-07-03 11:54:13,327 INFO o.n.v.w.f.i.Parse [AWT-EventQueue-0] Arc Parsed
2015-07-03 11:54:13,342 INFO o.n.v.w.f.i.Parse [AWT-EventQueue-0] Added Vertices into FeatureNet
2015-07-03 11:54:13,342 INFO o.n.v.w.f.i.Parse [AWT-EventQueue-0] Added Edges into FeatureNet
2015-07-03 11:54:13,342 INFO o.n.v.w.f.i.Parse [AWT-EventQueue-0] Added Arcs into FeatureNet
2015-07-03 11:54:14,071 INFO o.n.v.w.f.s.WvizConnectionMapSceneX3d [AWT-EventQueue-0] Start to write output file!
2015-07-03 11:54:14,071 INFO o.n.v.w.f.s.WvizConnectionMapSceneX3d [AWT-EventQueue-0] Parsing Edges
2015-07-03 11:54:14,071 INFO o.n.v.w.f.s.WvizConnectionMapSceneX3d [AWT-EventQueue-0] Parsing Arcs
2015-07-03 11:54:14,071 INFO o.n.v.w.f.s.WvizConnectionMapSceneX3d [AWT-EventQueue-0] Parsing Vertices
2015-07-03 11:54:14,149 INFO o.n.v.w.f.s.FeatureNetTest [AWT-EventQueue-0] Result written to file!
2015-07-03 11:55:39,555 INFO o.n.v.w.f.i.Parse [AWT-EventQueue-0] Expected vertices: 6
2015-07-03 11:55:39,555 INFO o.n.v.w.f.i.Parse [AWT-EventQueue-0] Vertex Syntax Declaration statement encountered 
2015-07-03 11:55:39,555 INFO o.n.v.w.f.i.Parse [AWT-EventQueue-0] Vertex Parsed
2015-07-03 11:55:39,555 INFO o.n.v.w.f.i.Parse [AWT-EventQueue-0] Vertex Parsed
2015-07-03 11:55:39,555 INFO o.n.v.w.f.i.Parse [AWT-EventQueue-0] Vertex Parsed
2015-07-03 11:55:39,571 INFO o.n.v.w.f.i.Parse [AWT-EventQueue-0] Vertex Parsed
2015-07-03 11:55:39,571 INFO o.n.v.w.f.i.Parse [AWT-EventQueue-0] Vertex Parsed
2015-07-03 11:55:39,571 INFO o.n.v.w.f.i.Parse [AWT-EventQueue-0] Vertex Parsed
2015-07-03 11:55:39,571 INFO o.n.v.w.f.i.Parse [AWT-EventQueue-0] Edge Syntax Declaration statement encountered 
2015-07-03 11:55:39,571 INFO o.n.v.w.f.i.Parse [AWT-EventQueue-0] Edge Parsed
2015-07-03 11:55:39,571 INFO o.n.v.w.f.i.Parse [AWT-EventQueue-0] Edge Parsed
2015-07-03 11:55:39,571 INFO o.n.v.w.f.i.Parse [AWT-EventQueue-0] Edge Parsed
2015-07-03 11:55:39,571 INFO o.n.v.w.f.i.Parse [AWT-EventQueue-0] Arcs Syntax Declaration statement encountered 
2015-07-03 11:55:39,571 INFO o.n.v.w.f.i.Parse [AWT-EventQueue-0] Arc Parsed
2015-07-03 11:55:39,571 INFO o.n.v.w.f.i.Parse [AWT-EventQueue-0] Arc Parsed
2015-07-03 11:55:39,586 INFO o.n.v.w.f.i.Parse [AWT-EventQueue-0] Arc Parsed
2015-07-03 11:55:39,602 INFO o.n.v.w.f.i.Parse [AWT-EventQueue-0] Added Vertices into FeatureNet
2015-07-03 11:55:39,602 INFO o.n.v.w.f.i.Parse [AWT-EventQueue-0] Added Edges into FeatureNet
2015-07-03 11:55:39,602 INFO o.n.v.w.f.i.Parse [AWT-EventQueue-0] Added Arcs into FeatureNet
2015-07-03 11:55:40,336 INFO o.n.v.w.f.s.WvizConnectionMapSceneX3d [AWT-EventQueue-0] Start to write output file!
2015-07-03 11:55:40,336 INFO o.n.v.w.f.s.WvizConnectionMapSceneX3d [AWT-EventQueue-0] Parsing Edges
2015-07-03 11:55:40,336 INFO o.n.v.w.f.s.WvizConnectionMapSceneX3d [AWT-EventQueue-0] Parsing Arcs
2015-07-03 11:55:40,336 INFO o.n.v.w.f.s.WvizConnectionMapSceneX3d [AWT-EventQueue-0] Parsing Vertices
2015-07-03 11:55:40,352 INFO o.n.v.w.f.s.FeatureNetTest [AWT-EventQueue-0] Result written to file! test/\graph.html
2015-07-03 11:56:55,101 INFO o.n.v.w.f.i.Parse [AWT-EventQueue-0] Expected vertices: 6
2015-07-03 11:56:55,101 INFO o.n.v.w.f.i.Parse [AWT-EventQueue-0] Vertex Syntax Declaration statement encountered 
2015-07-03 11:56:55,116 INFO o.n.v.w.f.i.Parse [AWT-EventQueue-0] Vertex Parsed
2015-07-03 11:56:55,116 INFO o.n.v.w.f.i.Parse [AWT-EventQueue-0] Vertex Parsed
2015-07-03 11:56:55,116 INFO o.n.v.w.f.i.Parse [AWT-EventQueue-0] Vertex Parsed
2015-07-03 11:56:55,116 INFO o.n.v.w.f.i.Parse [AWT-EventQueue-0] Vertex Parsed
2015-07-03 11:56:55,116 INFO o.n.v.w.f.i.Parse [AWT-EventQueue-0] Vertex Parsed
2015-07-03 11:56:55,116 INFO o.n.v.w.f.i.Parse [AWT-EventQueue-0] Vertex Parsed
2015-07-03 11:56:55,116 INFO o.n.v.w.f.i.Parse [AWT-EventQueue-0] Edge Syntax Declaration statement encountered 
2015-07-03 11:56:55,116 INFO o.n.v.w.f.i.Parse [AWT-EventQueue-0] Edge Parsed
2015-07-03 11:56:55,116 INFO o.n.v.w.f.i.Parse [AWT-EventQueue-0] Edge Parsed
2015-07-03 11:56:55,116 INFO o.n.v.w.f.i.Parse [AWT-EventQueue-0] Edge Parsed
2015-07-03 11:56:55,116 INFO o.n.v.w.f.i.Parse [AWT-EventQueue-0] Arcs Syntax Declaration statement encountered 
2015-07-03 11:56:55,116 INFO o.n.v.w.f.i.Parse [AWT-EventQueue-0] Arc Parsed
2015-07-03 11:56:55,116 INFO o.n.v.w.f.i.Parse [AWT-EventQueue-0] Arc Parsed
2015-07-03 11:56:55,132 INFO o.n.v.w.f.i.Parse [AWT-EventQueue-0] Arc Parsed
2015-07-03 11:56:55,148 INFO o.n.v.w.f.i.Parse [AWT-EventQueue-0] Added Vertices into FeatureNet
2015-07-03 11:56:55,148 INFO o.n.v.w.f.i.Parse [AWT-EventQueue-0] Added Edges into FeatureNet
2015-07-03 11:56:55,148 INFO o.n.v.w.f.i.Parse [AWT-EventQueue-0] Added Arcs into FeatureNet
2015-07-03 11:56:55,945 INFO o.n.v.w.f.s.WvizConnectionMapSceneX3d [AWT-EventQueue-0] Start to write output file!
2015-07-03 11:56:55,945 INFO o.n.v.w.f.s.WvizConnectionMapSceneX3d [AWT-EventQueue-0] Parsing Edges
2015-07-03 11:56:55,945 INFO o.n.v.w.f.s.WvizConnectionMapSceneX3d [AWT-EventQueue-0] Parsing Arcs
2015-07-03 11:56:55,945 INFO o.n.v.w.f.s.WvizConnectionMapSceneX3d [AWT-EventQueue-0] Parsing Vertices
2015-07-03 11:56:55,960 INFO o.n.v.w.f.s.FeatureNetTest [AWT-EventQueue-0] Result written to file! test/Flows_of_trade.x3d
2015-07-03 11:59:03,094 INFO o.n.v.w.f.i.Parse [AWT-EventQueue-0] Comment encountered
2015-07-03 11:59:03,110 INFO o.n.v.w.f.i.Parse [AWT-EventQueue-0] Comment encountered
2015-07-03 11:59:03,110 INFO o.n.v.w.f.i.Parse [AWT-EventQueue-0] Comment encountered
2015-07-03 11:59:03,110 INFO o.n.v.w.f.i.Parse [AWT-EventQueue-0] Comment encountered
2015-07-03 11:59:03,110 INFO o.n.v.w.f.i.Parse [AWT-EventQueue-0] Expected vertices: 7
2015-07-03 11:59:03,110 INFO o.n.v.w.f.i.Parse [AWT-EventQueue-0] Vertex Syntax Declaration statement encountered 
2015-07-03 11:59:03,110 INFO o.n.v.w.f.i.Parse [AWT-EventQueue-0] Vertex Parsed
2015-07-03 11:59:03,125 INFO o.n.v.w.f.i.Parse [AWT-EventQueue-0] Vertex Parsed
2015-07-03 11:59:03,132 INFO o.n.v.w.f.i.Parse [AWT-EventQueue-0] Vertex Parsed
2015-07-03 11:59:03,138 INFO o.n.v.w.f.i.Parse [AWT-EventQueue-0] Vertex Parsed
2015-07-03 11:59:03,144 INFO o.n.v.w.f.i.Parse [AWT-EventQueue-0] Vertex Parsed
2015-07-03 11:59:03,151 INFO o.n.v.w.f.i.Parse [AWT-EventQueue-0] Vertex Parsed
2015-07-03 11:59:03,155 INFO o.n.v.w.f.i.Parse [AWT-EventQueue-0] Vertex Parsed
2015-07-03 11:59:03,170 INFO o.n.v.w.f.i.Parse [AWT-EventQueue-0] Comment encountered
2015-07-03 11:59:03,172 INFO o.n.v.w.f.i.Parse [AWT-EventQueue-0] Arcs Syntax Declaration statement encountered 
2015-07-03 11:59:03,176 INFO o.n.v.w.f.i.Parse [AWT-EventQueue-0] Arc Parsed
2015-07-03 11:59:03,188 INFO o.n.v.w.f.i.Parse [AWT-EventQueue-0] Arc Parsed
2015-07-03 11:59:03,190 INFO o.n.v.w.f.i.Parse [AWT-EventQueue-0] Arc Parsed
2015-07-03 11:59:03,199 INFO o.n.v.w.f.i.Parse [AWT-EventQueue-0] Arc Parsed
2015-07-03 11:59:03,206 INFO o.n.v.w.f.i.Parse [AWT-EventQueue-0] Arc Parsed
2015-07-03 11:59:03,211 INFO o.n.v.w.f.i.Parse [AWT-EventQueue-0] Arc Parsed
2015-07-03 11:59:03,215 INFO o.n.v.w.f.i.Parse [AWT-EventQueue-0] Arc Parsed
2015-07-03 11:59:03,220 INFO o.n.v.w.f.i.Parse [AWT-EventQueue-0] Arc Parsed
2015-07-03 11:59:03,224 INFO o.n.v.w.f.i.Parse [AWT-EventQueue-0] Arc Parsed
2015-07-03 11:59:03,224 INFO o.n.v.w.f.i.Parse [AWT-EventQueue-0] Arc Parsed
2015-07-03 11:59:03,224 INFO o.n.v.w.f.i.Parse [AWT-EventQueue-0] Arc Parsed
2015-07-03 11:59:03,230 INFO o.n.v.w.f.i.Parse [AWT-EventQueue-0] Arc Parsed
2015-07-03 11:59:03,233 INFO o.n.v.w.f.i.Parse [AWT-EventQueue-0] Arc Parsed
2015-07-03 11:59:03,238 INFO o.n.v.w.f.i.Parse [AWT-EventQueue-0] Arc Parsed
2015-07-03 11:59:03,242 INFO o.n.v.w.f.i.Parse [AWT-EventQueue-0] Arc Parsed
2015-07-03 11:59:03,246 INFO o.n.v.w.f.i.Parse [AWT-EventQueue-0] Arc Parsed
2015-07-03 11:59:03,252 INFO o.n.v.w.f.i.Parse [AWT-EventQueue-0] Arc Parsed
2015-07-03 11:59:03,254 INFO o.n.v.w.f.i.Parse [AWT-EventQueue-0] Arc Parsed
2015-07-03 11:59:03,257 INFO o.n.v.w.f.i.Parse [AWT-EventQueue-0] Arc Parsed
2015-07-03 11:59:03,267 INFO o.n.v.w.f.i.Parse [AWT-EventQueue-0] Arc Parsed
2015-07-03 11:59:03,270 INFO o.n.v.w.f.i.Parse [AWT-EventQueue-0] Arc Parsed
2015-07-03 11:59:03,272 INFO o.n.v.w.f.i.Parse [AWT-EventQueue-0] Arc Parsed
2015-07-03 11:59:03,278 INFO o.n.v.w.f.i.Parse [AWT-EventQueue-0] Arc Parsed
2015-07-03 11:59:03,290 INFO o.n.v.w.f.i.Parse [AWT-EventQueue-0] Arc Parsed
2015-07-03 11:59:03,307 INFO o.n.v.w.f.i.Parse [AWT-EventQueue-0] Arc Parsed
2015-07-03 11:59:03,332 INFO o.n.v.w.f.i.Parse [AWT-EventQueue-0] Arc Parsed
2015-07-03 11:59:03,347 INFO o.n.v.w.f.i.Parse [AWT-EventQueue-0] Arc Parsed
2015-07-03 11:59:03,353 INFO o.n.v.w.f.i.Parse [AWT-EventQueue-0] Arc Parsed
2015-07-03 11:59:03,369 INFO o.n.v.w.f.i.Parse [AWT-EventQueue-0] Arc Parsed
2015-07-03 11:59:03,369 INFO o.n.v.w.f.i.Parse [AWT-EventQueue-0] Arc Parsed
2015-07-03 11:59:03,369 INFO o.n.v.w.f.i.Parse [AWT-EventQueue-0] Arc Parsed
2015-07-03 11:59:03,369 INFO o.n.v.w.f.i.Parse [AWT-EventQueue-0] Comment encountered
2015-07-03 11:59:03,441 INFO o.n.v.w.f.i.Parse [AWT-EventQueue-0] Added Vertices into FeatureNet
2015-07-03 11:59:03,444 INFO o.n.v.w.f.i.Parse [AWT-EventQueue-0] Added Edges into FeatureNet
2015-07-03 11:59:03,459 INFO o.n.v.w.f.i.Parse [AWT-EventQueue-0] Added Arcs into FeatureNet
2015-07-03 11:59:04,687 INFO o.n.v.w.f.s.WvizConnectionMapSceneX3d [AWT-EventQueue-0] Start to write output file!
2015-07-03 11:59:04,687 INFO o.n.v.w.f.s.WvizConnectionMapSceneX3d [AWT-EventQueue-0] Parsing Edges
2015-07-03 11:59:04,687 INFO o.n.v.w.f.s.WvizConnectionMapSceneX3d [AWT-EventQueue-0] Parsing Arcs
2015-07-03 11:59:04,702 INFO o.n.v.w.f.s.WvizConnectionMapSceneX3d [AWT-EventQueue-0] Parsing Vertices
2015-07-03 11:59:04,702 INFO o.n.v.w.f.s.FeatureNetTest [AWT-EventQueue-0] Result written to file! test/Flows_of_trade.html
2015-07-03 12:02:43,630 INFO o.n.v.w.f.i.Parse [AWT-EventQueue-0] Comment encountered
2015-07-03 12:02:43,636 INFO o.n.v.w.f.i.Parse [AWT-EventQueue-0] Comment encountered
2015-07-03 12:02:43,637 INFO o.n.v.w.f.i.Parse [AWT-EventQueue-0] Comment encountered
2015-07-03 12:02:43,638 INFO o.n.v.w.f.i.Parse [AWT-EventQueue-0] Comment encountered
2015-07-03 12:02:43,639 INFO o.n.v.w.f.i.Parse [AWT-EventQueue-0] Expected vertices: 7
2015-07-03 12:02:43,639 INFO o.n.v.w.f.i.Parse [AWT-EventQueue-0] Vertex Syntax Declaration statement encountered 
2015-07-03 12:02:43,644 INFO o.n.v.w.f.i.Parse [AWT-EventQueue-0] Vertex Parsed
2015-07-03 12:02:43,645 INFO o.n.v.w.f.i.Parse [AWT-EventQueue-0] Vertex Parsed
2015-07-03 12:02:43,647 INFO o.n.v.w.f.i.Parse [AWT-EventQueue-0] Vertex Parsed
2015-07-03 12:02:43,648 INFO o.n.v.w.f.i.Parse [AWT-EventQueue-0] Vertex Parsed
2015-07-03 12:02:43,650 INFO o.n.v.w.f.i.Parse [AWT-EventQueue-0] Vertex Parsed
2015-07-03 12:02:43,651 INFO o.n.v.w.f.i.Parse [AWT-EventQueue-0] Vertex Parsed
2015-07-03 12:02:43,653 INFO o.n.v.w.f.i.Parse [AWT-EventQueue-0] Vertex Parsed
2015-07-03 12:02:43,654 INFO o.n.v.w.f.i.Parse [AWT-EventQueue-0] Comment encountered
2015-07-03 12:02:43,655 INFO o.n.v.w.f.i.Parse [AWT-EventQueue-0] Arcs Syntax Declaration statement encountered 
2015-07-03 12:02:43,658 INFO o.n.v.w.f.i.Parse [AWT-EventQueue-0] Arc Parsed
2015-07-03 12:02:43,660 INFO o.n.v.w.f.i.Parse [AWT-EventQueue-0] Arc Parsed
2015-07-03 12:02:43,661 INFO o.n.v.w.f.i.Parse [AWT-EventQueue-0] Arc Parsed
2015-07-03 12:02:43,662 INFO o.n.v.w.f.i.Parse [AWT-EventQueue-0] Arc Parsed
2015-07-03 12:02:43,663 INFO o.n.v.w.f.i.Parse [AWT-EventQueue-0] Arc Parsed
2015-07-03 12:02:43,664 INFO o.n.v.w.f.i.Parse [AWT-EventQueue-0] Arc Parsed
2015-07-03 12:02:43,665 INFO o.n.v.w.f.i.Parse [AWT-EventQueue-0] Arc Parsed
2015-07-03 12:02:43,666 INFO o.n.v.w.f.i.Parse [AWT-EventQueue-0] Arc Parsed
2015-07-03 12:02:43,667 INFO o.n.v.w.f.i.Parse [AWT-EventQueue-0] Arc Parsed
2015-07-03 12:02:43,669 INFO o.n.v.w.f.i.Parse [AWT-EventQueue-0] Arc Parsed
2015-07-03 12:02:43,670 INFO o.n.v.w.f.i.Parse [AWT-EventQueue-0] Arc Parsed
2015-07-03 12:02:43,671 INFO o.n.v.w.f.i.Parse [AWT-EventQueue-0] Arc Parsed
2015-07-03 12:02:43,672 INFO o.n.v.w.f.i.Parse [AWT-EventQueue-0] Arc Parsed
2015-07-03 12:02:43,673 INFO o.n.v.w.f.i.Parse [AWT-EventQueue-0] Arc Parsed
2015-07-03 12:02:43,674 INFO o.n.v.w.f.i.Parse [AWT-EventQueue-0] Arc Parsed
2015-07-03 12:02:43,675 INFO o.n.v.w.f.i.Parse [AWT-EventQueue-0] Arc Parsed
2015-07-03 12:02:43,676 INFO o.n.v.w.f.i.Parse [AWT-EventQueue-0] Arc Parsed
2015-07-03 12:02:43,677 INFO o.n.v.w.f.i.Parse [AWT-EventQueue-0] Arc Parsed
2015-07-03 12:02:43,678 INFO o.n.v.w.f.i.Parse [AWT-EventQueue-0] Arc Parsed
2015-07-03 12:02:43,679 INFO o.n.v.w.f.i.Parse [AWT-EventQueue-0] Arc Parsed
2015-07-03 12:02:43,680 INFO o.n.v.w.f.i.Parse [AWT-EventQueue-0] Arc Parsed
2015-07-03 12:02:43,681 INFO o.n.v.w.f.i.Parse [AWT-EventQueue-0] Arc Parsed
2015-07-03 12:02:43,682 INFO o.n.v.w.f.i.Parse [AWT-EventQueue-0] Arc Parsed
2015-07-03 12:02:43,683 INFO o.n.v.w.f.i.Parse [AWT-EventQueue-0] Arc Parsed
2015-07-03 12:02:43,684 INFO o.n.v.w.f.i.Parse [AWT-EventQueue-0] Arc Parsed
2015-07-03 12:02:43,686 INFO o.n.v.w.f.i.Parse [AWT-EventQueue-0] Arc Parsed
2015-07-03 12:02:43,687 INFO o.n.v.w.f.i.Parse [AWT-EventQueue-0] Arc Parsed
2015-07-03 12:02:43,688 INFO o.n.v.w.f.i.Parse [AWT-EventQueue-0] Arc Parsed
2015-07-03 12:02:43,688 INFO o.n.v.w.f.i.Parse [AWT-EventQueue-0] Arc Parsed
2015-07-03 12:02:43,689 INFO o.n.v.w.f.i.Parse [AWT-EventQueue-0] Arc Parsed
2015-07-03 12:02:43,690 INFO o.n.v.w.f.i.Parse [AWT-EventQueue-0] Arc Parsed
2015-07-03 12:02:43,691 INFO o.n.v.w.f.i.Parse [AWT-EventQueue-0] Comment encountered
2015-07-03 12:02:43,709 INFO o.n.v.w.f.i.Parse [AWT-EventQueue-0] Added Vertices into FeatureNet
2015-07-03 12:02:43,710 INFO o.n.v.w.f.i.Parse [AWT-EventQueue-0] Added Edges into FeatureNet
2015-07-03 12:02:43,715 INFO o.n.v.w.f.i.Parse [AWT-EventQueue-0] Added Arcs into FeatureNet
2015-07-03 12:02:44,473 INFO o.n.v.w.f.s.WvizConnectionMapSceneX3d [AWT-EventQueue-0] Start to write output file!
2015-07-03 12:02:44,475 INFO o.n.v.w.f.s.WvizConnectionMapSceneX3d [AWT-EventQueue-0] Parsing Edges
2015-07-03 12:02:44,476 INFO o.n.v.w.f.s.WvizConnectionMapSceneX3d [AWT-EventQueue-0] Parsing Arcs
2015-07-03 12:02:44,488 INFO o.n.v.w.f.s.WvizConnectionMapSceneX3d [AWT-EventQueue-0] Parsing Vertices
2015-07-03 12:02:44,495 INFO o.n.v.w.f.s.FeatureNetTest [AWT-EventQueue-0] Result written to file! test/Flows_of_trade.html
2015-07-03 12:05:12,658 INFO o.n.v.w.f.i.Parse [AWT-EventQueue-0] Expected vertices: 6
2015-07-03 12:05:12,664 INFO o.n.v.w.f.i.Parse [AWT-EventQueue-0] Vertex Syntax Declaration statement encountered 
2015-07-03 12:05:12,669 INFO o.n.v.w.f.i.Parse [AWT-EventQueue-0] Vertex Parsed
2015-07-03 12:05:12,671 INFO o.n.v.w.f.i.Parse [AWT-EventQueue-0] Vertex Parsed
2015-07-03 12:05:12,673 INFO o.n.v.w.f.i.Parse [AWT-EventQueue-0] Vertex Parsed
2015-07-03 12:05:12,674 INFO o.n.v.w.f.i.Parse [AWT-EventQueue-0] Vertex Parsed
2015-07-03 12:05:12,676 INFO o.n.v.w.f.i.Parse [AWT-EventQueue-0] Vertex Parsed
2015-07-03 12:05:12,677 INFO o.n.v.w.f.i.Parse [AWT-EventQueue-0] Vertex Parsed
2015-07-03 12:05:12,678 INFO o.n.v.w.f.i.Parse [AWT-EventQueue-0] Edge Syntax Declaration statement encountered 
2015-07-03 12:05:12,680 INFO o.n.v.w.f.i.Parse [AWT-EventQueue-0] Edge Parsed
2015-07-03 12:05:12,681 INFO o.n.v.w.f.i.Parse [AWT-EventQueue-0] Edge Parsed
2015-07-03 12:05:12,682 INFO o.n.v.w.f.i.Parse [AWT-EventQueue-0] Edge Parsed
2015-07-03 12:05:12,683 INFO o.n.v.w.f.i.Parse [AWT-EventQueue-0] Arcs Syntax Declaration statement encountered 
2015-07-03 12:05:12,685 INFO o.n.v.w.f.i.Parse [AWT-EventQueue-0] Arc Parsed
2015-07-03 12:05:12,687 INFO o.n.v.w.f.i.Parse [AWT-EventQueue-0] Arc Parsed
2015-07-03 12:05:12,688 INFO o.n.v.w.f.i.Parse [AWT-EventQueue-0] Arc Parsed
2015-07-03 12:05:12,706 INFO o.n.v.w.f.i.Parse [AWT-EventQueue-0] Added Vertices into FeatureNet
2015-07-03 12:05:12,711 INFO o.n.v.w.f.i.Parse [AWT-EventQueue-0] Added Edges into FeatureNet
2015-07-03 12:05:12,714 INFO o.n.v.w.f.i.Parse [AWT-EventQueue-0] Added Arcs into FeatureNet
2015-07-03 12:05:13,553 INFO o.n.v.w.f.s.WvizConnectionMapSceneX3d [AWT-EventQueue-0] Start to write output file!
2015-07-03 12:05:13,557 INFO o.n.v.w.f.s.WvizConnectionMapSceneX3d [AWT-EventQueue-0] Parsing Edges
2015-07-03 12:05:13,563 INFO o.n.v.w.f.s.WvizConnectionMapSceneX3d [AWT-EventQueue-0] Parsing Arcs
2015-07-03 12:05:13,564 INFO o.n.v.w.f.s.WvizConnectionMapSceneX3d [AWT-EventQueue-0] Parsing Vertices
2015-07-03 12:05:13,574 INFO o.n.v.w.f.s.FeatureNetTest [AWT-EventQueue-0] Result written to file! test/graph.html
2015-07-03 12:07:37,670 INFO o.n.v.w.f.i.Parse [AWT-EventQueue-0] Comment encountered
2015-07-03 12:07:37,675 INFO o.n.v.w.f.i.Parse [AWT-EventQueue-0] Comment encountered
2015-07-03 12:07:37,676 INFO o.n.v.w.f.i.Parse [AWT-EventQueue-0] Comment encountered
2015-07-03 12:07:37,677 INFO o.n.v.w.f.i.Parse [AWT-EventQueue-0] Comment encountered
2015-07-03 12:07:37,679 INFO o.n.v.w.f.i.Parse [AWT-EventQueue-0] Expected vertices: 7
2015-07-03 12:07:37,679 INFO o.n.v.w.f.i.Parse [AWT-EventQueue-0] Vertex Syntax Declaration statement encountered 
2015-07-03 12:07:37,684 INFO o.n.v.w.f.i.Parse [AWT-EventQueue-0] Vertex Parsed
2015-07-03 12:07:37,686 INFO o.n.v.w.f.i.Parse [AWT-EventQueue-0] Vertex Parsed
2015-07-03 12:07:37,688 INFO o.n.v.w.f.i.Parse [AWT-EventQueue-0] Vertex Parsed
2015-07-03 12:07:37,691 INFO o.n.v.w.f.i.Parse [AWT-EventQueue-0] Vertex Parsed
2015-07-03 12:07:37,693 INFO o.n.v.w.f.i.Parse [AWT-EventQueue-0] Vertex Parsed
2015-07-03 12:07:37,695 INFO o.n.v.w.f.i.Parse [AWT-EventQueue-0] Vertex Parsed
2015-07-03 12:07:37,697 INFO o.n.v.w.f.i.Parse [AWT-EventQueue-0] Vertex Parsed
2015-07-03 12:07:37,698 INFO o.n.v.w.f.i.Parse [AWT-EventQueue-0] Comment encountered
2015-07-03 12:07:37,699 INFO o.n.v.w.f.i.Parse [AWT-EventQueue-0] Arcs Syntax Declaration statement encountered 
2015-07-03 12:07:37,702 INFO o.n.v.w.f.i.Parse [AWT-EventQueue-0] Arc Parsed
2015-07-03 12:07:37,703 INFO o.n.v.w.f.i.Parse [AWT-EventQueue-0] Arc Parsed
2015-07-03 12:07:37,704 INFO o.n.v.w.f.i.Parse [AWT-EventQueue-0] Arc Parsed
2015-07-03 12:07:37,705 INFO o.n.v.w.f.i.Parse [AWT-EventQueue-0] Arc Parsed
2015-07-03 12:07:37,707 INFO o.n.v.w.f.i.Parse [AWT-EventQueue-0] Arc Parsed
2015-07-03 12:07:37,708 INFO o.n.v.w.f.i.Parse [AWT-EventQueue-0] Arc Parsed
2015-07-03 12:07:37,710 INFO o.n.v.w.f.i.Parse [AWT-EventQueue-0] Arc Parsed
2015-07-03 12:07:37,710 INFO o.n.v.w.f.i.Parse [AWT-EventQueue-0] Arc Parsed
2015-07-03 12:07:37,711 INFO o.n.v.w.f.i.Parse [AWT-EventQueue-0] Arc Parsed
2015-07-03 12:07:37,712 INFO o.n.v.w.f.i.Parse [AWT-EventQueue-0] Arc Parsed
2015-07-03 12:07:37,712 INFO o.n.v.w.f.i.Parse [AWT-EventQueue-0] Arc Parsed
2015-07-03 12:07:37,713 INFO o.n.v.w.f.i.Parse [AWT-EventQueue-0] Arc Parsed
2015-07-03 12:07:37,715 INFO o.n.v.w.f.i.Parse [AWT-EventQueue-0] Arc Parsed
2015-07-03 12:07:37,716 INFO o.n.v.w.f.i.Parse [AWT-EventQueue-0] Arc Parsed
2015-07-03 12:07:37,716 INFO o.n.v.w.f.i.Parse [AWT-EventQueue-0] Arc Parsed
2015-07-03 12:07:37,717 INFO o.n.v.w.f.i.Parse [AWT-EventQueue-0] Arc Parsed
2015-07-03 12:07:37,718 INFO o.n.v.w.f.i.Parse [AWT-EventQueue-0] Arc Parsed
2015-07-03 12:07:37,719 INFO o.n.v.w.f.i.Parse [AWT-EventQueue-0] Arc Parsed
2015-07-03 12:07:37,720 INFO o.n.v.w.f.i.Parse [AWT-EventQueue-0] Arc Parsed
2015-07-03 12:07:37,721 INFO o.n.v.w.f.i.Parse [AWT-EventQueue-0] Arc Parsed
2015-07-03 12:07:37,722 INFO o.n.v.w.f.i.Parse [AWT-EventQueue-0] Arc Parsed
2015-07-03 12:07:37,723 INFO o.n.v.w.f.i.Parse [AWT-EventQueue-0] Arc Parsed
2015-07-03 12:07:37,724 INFO o.n.v.w.f.i.Parse [AWT-EventQueue-0] Arc Parsed
2015-07-03 12:07:37,725 INFO o.n.v.w.f.i.Parse [AWT-EventQueue-0] Arc Parsed
2015-07-03 12:07:37,726 INFO o.n.v.w.f.i.Parse [AWT-EventQueue-0] Arc Parsed
2015-07-03 12:07:37,727 INFO o.n.v.w.f.i.Parse [AWT-EventQueue-0] Arc Parsed
2015-07-03 12:07:37,728 INFO o.n.v.w.f.i.Parse [AWT-EventQueue-0] Arc Parsed
2015-07-03 12:07:37,729 INFO o.n.v.w.f.i.Parse [AWT-EventQueue-0] Arc Parsed
2015-07-03 12:07:37,730 INFO o.n.v.w.f.i.Parse [AWT-EventQueue-0] Arc Parsed
2015-07-03 12:07:37,731 INFO o.n.v.w.f.i.Parse [AWT-EventQueue-0] Arc Parsed
2015-07-03 12:07:37,732 INFO o.n.v.w.f.i.Parse [AWT-EventQueue-0] Arc Parsed
2015-07-03 12:07:37,733 INFO o.n.v.w.f.i.Parse [AWT-EventQueue-0] Comment encountered
2015-07-03 12:07:37,754 INFO o.n.v.w.f.i.Parse [AWT-EventQueue-0] Added Vertices into FeatureNet
2015-07-03 12:07:37,755 INFO o.n.v.w.f.i.Parse [AWT-EventQueue-0] Added Edges into FeatureNet
2015-07-03 12:07:37,760 INFO o.n.v.w.f.i.Parse [AWT-EventQueue-0] Added Arcs into FeatureNet
2015-07-03 12:07:38,674 INFO o.n.v.w.f.s.WvizConnectionMapSceneX3d [AWT-EventQueue-0] Start to write output file!
2015-07-03 12:07:38,680 INFO o.n.v.w.f.s.WvizConnectionMapSceneX3d [AWT-EventQueue-0] Parsing Edges
2015-07-03 12:07:38,680 INFO o.n.v.w.f.s.WvizConnectionMapSceneX3d [AWT-EventQueue-0] Parsing Arcs
2015-07-03 12:07:38,692 INFO o.n.v.w.f.s.WvizConnectionMapSceneX3d [AWT-EventQueue-0] Parsing Vertices
2015-07-03 12:07:38,699 INFO o.n.v.w.f.s.FeatureNetTest [AWT-EventQueue-0] Result written to file! test/Flows_of_trade.x3d
2015-07-03 12:08:53,344 INFO o.n.v.w.f.i.Parse [main] Comment encountered
2015-07-03 12:08:53,349 INFO o.n.v.w.f.i.Parse [main] Comment encountered
2015-07-03 12:08:53,350 INFO o.n.v.w.f.i.Parse [main] Comment encountered
2015-07-03 12:08:53,353 INFO o.n.v.w.f.i.Parse [main] Comment encountered
2015-07-03 12:08:53,355 INFO o.n.v.w.f.i.Parse [main] Expected vertices: 7
2015-07-03 12:08:53,357 INFO o.n.v.w.f.i.Parse [main] Vertex Syntax Declaration statement encountered 
2015-07-03 12:08:53,369 INFO o.n.v.w.f.i.Parse [main] Vertex Parsed
2015-07-03 12:08:53,372 INFO o.n.v.w.f.i.Parse [main] Vertex Parsed
2015-07-03 12:08:53,375 INFO o.n.v.w.f.i.Parse [main] Vertex Parsed
2015-07-03 12:08:53,378 INFO o.n.v.w.f.i.Parse [main] Vertex Parsed
2015-07-03 12:08:53,382 INFO o.n.v.w.f.i.Parse [main] Vertex Parsed
2015-07-03 12:08:53,384 INFO o.n.v.w.f.i.Parse [main] Vertex Parsed
2015-07-03 12:08:53,388 INFO o.n.v.w.f.i.Parse [main] Vertex Parsed
2015-07-03 12:08:53,389 INFO o.n.v.w.f.i.Parse [main] Comment encountered
2015-07-03 12:08:53,390 INFO o.n.v.w.f.i.Parse [main] Arcs Syntax Declaration statement encountered 
2015-07-03 12:08:53,394 INFO o.n.v.w.f.i.Parse [main] Arc Parsed
2015-07-03 12:08:53,395 INFO o.n.v.w.f.i.Parse [main] Arc Parsed
2015-07-03 12:08:53,397 INFO o.n.v.w.f.i.Parse [main] Arc Parsed
2015-07-03 12:08:53,398 INFO o.n.v.w.f.i.Parse [main] Arc Parsed
2015-07-03 12:08:53,399 INFO o.n.v.w.f.i.Parse [main] Arc Parsed
2015-07-03 12:08:53,400 INFO o.n.v.w.f.i.Parse [main] Arc Parsed
2015-07-03 12:08:53,401 INFO o.n.v.w.f.i.Parse [main] Arc Parsed
2015-07-03 12:08:53,403 INFO o.n.v.w.f.i.Parse [main] Arc Parsed
2015-07-03 12:08:53,404 INFO o.n.v.w.f.i.Parse [main] Arc Parsed
2015-07-03 12:08:53,405 INFO o.n.v.w.f.i.Parse [main] Arc Parsed
2015-07-03 12:08:53,406 INFO o.n.v.w.f.i.Parse [main] Arc Parsed
2015-07-03 12:08:53,408 INFO o.n.v.w.f.i.Parse [main] Arc Parsed
2015-07-03 12:08:53,410 INFO o.n.v.w.f.i.Parse [main] Arc Parsed
2015-07-03 12:08:53,412 INFO o.n.v.w.f.i.Parse [main] Arc Parsed
2015-07-03 12:08:53,413 INFO o.n.v.w.f.i.Parse [main] Arc Parsed
2015-07-03 12:08:53,414 INFO o.n.v.w.f.i.Parse [main] Arc Parsed
2015-07-03 12:08:53,416 INFO o.n.v.w.f.i.Parse [main] Arc Parsed
2015-07-03 12:08:53,416 INFO o.n.v.w.f.i.Parse [main] Arc Parsed
2015-07-03 12:08:53,417 INFO o.n.v.w.f.i.Parse [main] Arc Parsed
2015-07-03 12:08:53,418 INFO o.n.v.w.f.i.Parse [main] Arc Parsed
2015-07-03 12:08:53,420 INFO o.n.v.w.f.i.Parse [main] Arc Parsed
2015-07-03 12:08:53,422 INFO o.n.v.w.f.i.Parse [main] Arc Parsed
2015-07-03 12:08:53,423 INFO o.n.v.w.f.i.Parse [main] Arc Parsed
2015-07-03 12:08:53,424 INFO o.n.v.w.f.i.Parse [main] Arc Parsed
2015-07-03 12:08:53,425 INFO o.n.v.w.f.i.Parse [main] Arc Parsed
2015-07-03 12:08:53,426 INFO o.n.v.w.f.i.Parse [main] Arc Parsed
2015-07-03 12:08:53,427 INFO o.n.v.w.f.i.Parse [main] Arc Parsed
2015-07-03 12:08:53,428 INFO o.n.v.w.f.i.Parse [main] Arc Parsed
2015-07-03 12:08:53,429 INFO o.n.v.w.f.i.Parse [main] Arc Parsed
2015-07-03 12:08:53,430 INFO o.n.v.w.f.i.Parse [main] Arc Parsed
2015-07-03 12:08:53,431 INFO o.n.v.w.f.i.Parse [main] Arc Parsed
2015-07-03 12:08:53,431 INFO o.n.v.w.f.i.Parse [main] Comment encountered
2015-07-03 12:08:53,448 INFO o.n.v.w.f.i.Parse [main] Added Vertices into FeatureNet
2015-07-03 12:08:53,449 INFO o.n.v.w.f.i.Parse [main] Added Edges into FeatureNet
2015-07-03 12:08:53,455 INFO o.n.v.w.f.i.Parse [main] Added Arcs into FeatureNet
2015-07-03 12:08:54,573 INFO o.n.v.w.f.s.WvizConnectionMapSceneX3d [main] Start to write output file!
2015-07-03 12:08:54,578 INFO o.n.v.w.f.s.WvizConnectionMapSceneX3d [main] Parsing Edges
2015-07-03 12:08:54,581 INFO o.n.v.w.f.s.WvizConnectionMapSceneX3d [main] Parsing Arcs
2015-07-03 12:08:54,604 INFO o.n.v.w.f.s.WvizConnectionMapSceneX3d [main] Parsing Vertices
2015-07-03 12:08:54,625 INFO o.n.v.w.f.s.FeatureNetTest [main] Result written to file! test/Flows_of_trade.x3d
2015-07-03 12:12:50,187 INFO o.n.v.w.f.i.Parse [main] Comment encountered
2015-07-03 12:12:50,203 INFO o.n.v.w.f.i.Parse [main] Comment encountered
2015-07-03 12:12:50,203 INFO o.n.v.w.f.i.Parse [main] Comment encountered
2015-07-03 12:12:50,203 INFO o.n.v.w.f.i.Parse [main] Comment encountered
2015-07-03 12:12:50,203 INFO o.n.v.w.f.i.Parse [main] Expected vertices: 7
2015-07-03 12:12:50,203 INFO o.n.v.w.f.i.Parse [main] Vertex Syntax Declaration statement encountered 
2015-07-03 12:12:50,203 INFO o.n.v.w.f.i.Parse [main] Vertex Parsed
2015-07-03 12:12:50,203 INFO o.n.v.w.f.i.Parse [main] Vertex Parsed
2015-07-03 12:12:50,203 INFO o.n.v.w.f.i.Parse [main] Vertex Parsed
2015-07-03 12:12:50,203 INFO o.n.v.w.f.i.Parse [main] Vertex Parsed
2015-07-03 12:12:50,218 INFO o.n.v.w.f.i.Parse [main] Vertex Parsed
2015-07-03 12:12:50,218 INFO o.n.v.w.f.i.Parse [main] Vertex Parsed
2015-07-03 12:12:50,218 INFO o.n.v.w.f.i.Parse [main] Vertex Parsed
2015-07-03 12:12:50,218 INFO o.n.v.w.f.i.Parse [main] Comment encountered
2015-07-03 12:12:50,218 INFO o.n.v.w.f.i.Parse [main] Arcs Syntax Declaration statement encountered 
2015-07-03 12:12:50,218 INFO o.n.v.w.f.i.Parse [main] Arc Parsed
2015-07-03 12:12:50,218 INFO o.n.v.w.f.i.Parse [main] Arc Parsed
2015-07-03 12:12:50,218 INFO o.n.v.w.f.i.Parse [main] Arc Parsed
2015-07-03 12:12:50,218 INFO o.n.v.w.f.i.Parse [main] Arc Parsed
2015-07-03 12:12:50,218 INFO o.n.v.w.f.i.Parse [main] Arc Parsed
2015-07-03 12:12:50,218 INFO o.n.v.w.f.i.Parse [main] Arc Parsed
2015-07-03 12:12:50,218 INFO o.n.v.w.f.i.Parse [main] Arc Parsed
2015-07-03 12:12:50,218 INFO o.n.v.w.f.i.Parse [main] Arc Parsed
2015-07-03 12:12:50,218 INFO o.n.v.w.f.i.Parse [main] Arc Parsed
2015-07-03 12:12:50,218 INFO o.n.v.w.f.i.Parse [main] Arc Parsed
2015-07-03 12:12:50,218 INFO o.n.v.w.f.i.Parse [main] Arc Parsed
2015-07-03 12:12:50,218 INFO o.n.v.w.f.i.Parse [main] Arc Parsed
2015-07-03 12:12:50,218 INFO o.n.v.w.f.i.Parse [main] Arc Parsed
2015-07-03 12:12:50,234 INFO o.n.v.w.f.i.Parse [main] Arc Parsed
2015-07-03 12:12:50,234 INFO o.n.v.w.f.i.Parse [main] Arc Parsed
2015-07-03 12:12:50,234 INFO o.n.v.w.f.i.Parse [main] Arc Parsed
2015-07-03 12:12:50,234 INFO o.n.v.w.f.i.Parse [main] Arc Parsed
2015-07-03 12:12:50,234 INFO o.n.v.w.f.i.Parse [main] Arc Parsed
2015-07-03 12:12:50,234 INFO o.n.v.w.f.i.Parse [main] Arc Parsed
2015-07-03 12:12:50,234 INFO o.n.v.w.f.i.Parse [main] Arc Parsed
2015-07-03 12:12:50,234 INFO o.n.v.w.f.i.Parse [main] Arc Parsed
2015-07-03 12:12:50,234 INFO o.n.v.w.f.i.Parse [main] Arc Parsed
2015-07-03 12:12:50,234 INFO o.n.v.w.f.i.Parse [main] Arc Parsed
2015-07-03 12:12:50,234 INFO o.n.v.w.f.i.Parse [main] Arc Parsed
2015-07-03 12:12:50,234 INFO o.n.v.w.f.i.Parse [main] Arc Parsed
2015-07-03 12:12:50,234 INFO o.n.v.w.f.i.Parse [main] Arc Parsed
2015-07-03 12:12:50,234 INFO o.n.v.w.f.i.Parse [main] Arc Parsed
2015-07-03 12:12:50,234 INFO o.n.v.w.f.i.Parse [main] Arc Parsed
2015-07-03 12:12:50,234 INFO o.n.v.w.f.i.Parse [main] Arc Parsed
2015-07-03 12:12:50,234 INFO o.n.v.w.f.i.Parse [main] Arc Parsed
2015-07-03 12:12:50,234 INFO o.n.v.w.f.i.Parse [main] Arc Parsed
2015-07-03 12:12:50,234 INFO o.n.v.w.f.i.Parse [main] Comment encountered
2015-07-03 12:12:50,249 INFO o.n.v.w.f.i.Parse [main] Added Vertices into FeatureNet
2015-07-03 12:12:50,249 INFO o.n.v.w.f.i.Parse [main] Added Edges into FeatureNet
2015-07-03 12:12:50,265 INFO o.n.v.w.f.i.Parse [main] Added Arcs into FeatureNet
2015-07-03 12:12:50,859 INFO o.n.v.w.f.s.WvizConnectionMapSceneX3d [main] Start to write output file!
2015-07-03 12:12:50,859 INFO o.n.v.w.f.s.WvizConnectionMapSceneX3d [main] Parsing Edges
2015-07-03 12:12:50,859 INFO o.n.v.w.f.s.WvizConnectionMapSceneX3d [main] Parsing Arcs
2015-07-03 12:12:50,874 INFO o.n.v.w.f.s.WvizConnectionMapSceneX3d [main] Parsing Vertices
2015-07-03 12:12:50,874 INFO o.n.v.w.f.s.FeatureNetTest [main] Result written to file! test/Flows_of_trade.x3d
